# JRE version: OpenJDK Runtime Environment (8.0_212-b04) (build 1.8.0_212-release-1586-b04)
# Java VM: OpenJDK 64-Bit Server VM (25.212-b04 mixed mode windows-amd64 compressed oops)
Heap:
 PSYoungGen      total 75776K, used 33983K [0x00000000e0000000, 0x00000000e5480000, 0x0000000100000000)
  eden space 65536K, 43% used [0x00000000e0000000,0x00000000e1b8be98,0x00000000e4000000)
  from space 10240K, 56% used [0x00000000e4a00000,0x00000000e4fa3ef0,0x00000000e5400000)
  to   space 10240K, 0% used [0x00000000e4000000,0x00000000e4000000,0x00000000e4a00000)
 ParOldGen       total 63488K, used 12227K [0x00000000a0000000, 0x00000000a3e00000, 0x00000000e0000000)
  object space 63488K, 19% used [0x00000000a0000000,0x00000000a0bf0f88,0x00000000a3e00000)
 Metaspace       used 34640K, capacity 35440K, committed 35496K, reserved 1079296K
  class space    used 4740K, capacity 4971K, committed 4992K, reserved 1048576K
GC Heap History (10 events):
Event: 7.056 GC heap before
{Heap before GC invocations=7 (full 1):
 PSYoungGen      total 43008K, used 8778K [0x00000000e0000000, 0x00000000e5600000, 0x0000000100000000)
  eden space 32256K, 0% used [0x00000000e0000000,0x00000000e0000000,0x00000000e1f80000)
  from space 10752K, 81% used [0x00000000e2a80000,0x00000000e33129b0,0x00000000e3500000)
  to   space 11264K, 0% used [0x00000000e1f80000,0x00000000e1f80000,0x00000000e2a80000)
 ParOldGen       total 87552K, used 7550K [0x00000000a0000000, 0x00000000a5580000, 0x00000000e0000000)
  object space 87552K, 8% used [0x00000000a0000000,0x00000000a075f9b0,0x00000000a5580000)
 Metaspace       used 20700K, capacity 21190K, committed 21296K, reserved 1067008K
  class space    used 2983K, capacity 3161K, committed 3200K, reserved 1048576K
Event: 7.135 GC heap after
Heap after GC invocations=7 (full 1):
 PSYoungGen      total 43008K, used 0K [0x00000000e0000000, 0x00000000e5600000, 0x0000000100000000)
  eden space 32256K, 0% used [0x00000000e0000000,0x00000000e0000000,0x00000000e1f80000)
  from space 10752K, 0% used [0x00000000e2a80000,0x00000000e2a80000,0x00000000e3500000)
  to   space 11264K, 0% used [0x00000000e1f80000,0x00000000e1f80000,0x00000000e2a80000)
 ParOldGen       total 63488K, used 9467K [0x00000000a0000000, 0x00000000a3e00000, 0x00000000e0000000)
  object space 63488K, 14% used [0x00000000a0000000,0x00000000a093ef68,0x00000000a3e00000)
 Metaspace       used 20700K, capacity 21190K, committed 21296K, reserved 1067008K
  class space    used 2983K, capacity 3161K, committed 3200K, reserved 1048576K
}
Event: 8.152 GC heap before
{Heap before GC invocations=8 (full 1):
 PSYoungGen      total 43008K, used 32256K [0x00000000e0000000, 0x00000000e5600000, 0x0000000100000000)
  eden space 32256K, 100% used [0x00000000e0000000,0x00000000e1f80000,0x00000000e1f80000)
  from space 10752K, 0% used [0x00000000e2a80000,0x00000000e2a80000,0x00000000e3500000)
  to   space 11264K, 0% used [0x00000000e1f80000,0x00000000e1f80000,0x00000000e2a80000)
 ParOldGen       total 63488K, used 9467K [0x00000000a0000000, 0x00000000a3e00000, 0x00000000e0000000)
  object space 63488K, 14% used [0x00000000a0000000,0x00000000a093ef68,0x00000000a3e00000)
 Metaspace       used 26223K, capacity 26750K, committed 27008K, reserved 1073152K
  class space    used 3525K, capacity 3710K, committed 3712K, reserved 1048576K
Event: 8.158 GC heap after
Heap after GC invocations=8 (full 1):
 PSYoungGen      total 43520K, used 4927K [0x00000000e0000000, 0x00000000e4500000, 0x0000000100000000)
  eden space 32256K, 0% used [0x00000000e0000000,0x00000000e0000000,0x00000000e1f80000)
  from space 11264K, 43% used [0x00000000e1f80000,0x00000000e244fec8,0x00000000e2a80000)
  to   space 11264K, 0% used [0x00000000e3a00000,0x00000000e3a00000,0x00000000e4500000)
 ParOldGen       total 63488K, used 9475K [0x00000000a0000000, 0x00000000a3e00000, 0x00000000e0000000)
  object space 63488K, 14% used [0x00000000a0000000,0x00000000a0940f68,0x00000000a3e00000)
 Metaspace       used 26223K, capacity 26750K, committed 27008K, reserved 1073152K
  class space    used 3525K, capacity 3710K, committed 3712K, reserved 1048576K
}
Event: 8.717 GC heap before
{Heap before GC invocations=9 (full 1):
 PSYoungGen      total 43520K, used 37183K [0x00000000e0000000, 0x00000000e4500000, 0x0000000100000000)
  eden space 32256K, 100% used [0x00000000e0000000,0x00000000e1f80000,0x00000000e1f80000)
  from space 11264K, 43% used [0x00000000e1f80000,0x00000000e244fec8,0x00000000e2a80000)
  to   space 11264K, 0% used [0x00000000e3a00000,0x00000000e3a00000,0x00000000e4500000)
 ParOldGen       total 63488K, used 9475K [0x00000000a0000000, 0x00000000a3e00000, 0x00000000e0000000)
  object space 63488K, 14% used [0x00000000a0000000,0x00000000a0940f68,0x00000000a3e00000)
 Metaspace       used 29055K, capacity 29578K, committed 29824K, reserved 1075200K
  class space    used 3906K, capacity 4097K, committed 4224K, reserved 1048576K
Event: 8.730 GC heap after
Heap after GC invocations=9 (full 1):
 PSYoungGen      total 59904K, used 5919K [0x00000000e0000000, 0x00000000e4600000, 0x0000000100000000)
  eden space 48640K, 0% used [0x00000000e0000000,0x00000000e0000000,0x00000000e2f80000)
  from space 11264K, 52% used [0x00000000e3a00000,0x00000000e3fc7eb0,0x00000000e4500000)
  to   space 10752K, 0% used [0x00000000e2f80000,0x00000000e2f80000,0x00000000e3a00000)
 ParOldGen       total 63488K, used 9483K [0x00000000a0000000, 0x00000000a3e00000, 0x00000000e0000000)
  object space 63488K, 14% used [0x00000000a0000000,0x00000000a0942f68,0x00000000a3e00000)
 Metaspace       used 29055K, capacity 29578K, committed 29824K, reserved 1075200K
  class space    used 3906K, capacity 4097K, committed 4224K, reserved 1048576K
}
Event: 9.691 GC heap before
{Heap before GC invocations=10 (full 1):
 PSYoungGen      total 59904K, used 54559K [0x00000000e0000000, 0x00000000e4600000, 0x0000000100000000)
  eden space 48640K, 100% used [0x00000000e0000000,0x00000000e2f80000,0x00000000e2f80000)
  from space 11264K, 52% used [0x00000000e3a00000,0x00000000e3fc7eb0,0x00000000e4500000)
  to   space 10752K, 0% used [0x00000000e2f80000,0x00000000e2f80000,0x00000000e3a00000)
 ParOldGen       total 63488K, used 9483K [0x00000000a0000000, 0x00000000a3e00000, 0x00000000e0000000)
  object space 63488K, 14% used [0x00000000a0000000,0x00000000a0942f68,0x00000000a3e00000)
 Metaspace       used 31154K, capacity 31720K, committed 31872K, reserved 1077248K
  class space    used 4243K, capacity 4427K, committed 4480K, reserved 1048576K
Event: 9.708 GC heap after
Heap after GC invocations=10 (full 1):
 PSYoungGen      total 59392K, used 6991K [0x00000000e0000000, 0x00000000e5400000, 0x0000000100000000)
  eden space 48640K, 0% used [0x00000000e0000000,0x00000000e0000000,0x00000000e2f80000)
  from space 10752K, 65% used [0x00000000e2f80000,0x00000000e3653ef8,0x00000000e3a00000)
  to   space 10240K, 0% used [0x00000000e4a00000,0x00000000e4a00000,0x00000000e5400000)
 ParOldGen       total 63488K, used 9491K [0x00000000a0000000, 0x00000000a3e00000, 0x00000000e0000000)
  object space 63488K, 14% used [0x00000000a0000000,0x00000000a0944f68,0x00000000a3e00000)
 Metaspace       used 31154K, capacity 31720K, committed 31872K, reserved 1077248K
  class space    used 4243K, capacity 4427K, committed 4480K, reserved 1048576K
}
Event: 10.883 GC heap before
{Heap before GC invocations=11 (full 1):
 PSYoungGen      total 59392K, used 55631K [0x00000000e0000000, 0x00000000e5400000, 0x0000000100000000)
  eden space 48640K, 100% used [0x00000000e0000000,0x00000000e2f80000,0x00000000e2f80000)
  from space 10752K, 65% used [0x00000000e2f80000,0x00000000e3653ef8,0x00000000e3a00000)
  to   space 10240K, 0% used [0x00000000e4a00000,0x00000000e4a00000,0x00000000e5400000)
 ParOldGen       total 63488K, used 9491K [0x00000000a0000000, 0x00000000a3e00000, 0x00000000e0000000)
  object space 63488K, 14% used [0x00000000a0000000,0x00000000a0944f68,0x00000000a3e00000)
 Metaspace       used 33511K, capacity 34118K, committed 34304K, reserved 1079296K
  class space    used 4582K, capacity 4810K, committed 4864K, reserved 1048576K
Event: 10.909 GC heap after
Heap after GC invocations=11 (full 1):
 PSYoungGen      total 75776K, used 5775K [0x00000000e0000000, 0x00000000e5480000, 0x0000000100000000)
  eden space 65536K, 0% used [0x00000000e0000000,0x00000000e0000000,0x00000000e4000000)
  from space 10240K, 56% used [0x00000000e4a00000,0x00000000e4fa3ef0,0x00000000e5400000)
  to   space 10240K, 0% used [0x00000000e4000000,0x00000000e4000000,0x00000000e4a00000)
 ParOldGen       total 63488K, used 12227K [0x00000000a0000000, 0x00000000a3e00000, 0x00000000e0000000)
  object space 63488K, 19% used [0x00000000a0000000,0x00000000a0bf0f88,0x00000000a3e00000)
 Metaspace       used 33511K, capacity 34118K, committed 34304K, reserved 1079296K
  class space    used 4582K, capacity 4810K, committed 4864K, reserved 1048576K
}

