# JRE version: OpenJDK Runtime Environment (8.0_212-b04) (build 1.8.0_212-release-1586-b04)
# Java VM: OpenJDK 64-Bit Server VM (25.212-b04 mixed mode windows-amd64 compressed oops)
Heap:
 PSYoungGen      total 268288K, used 226926K [0x00000000e0000000, 0x00000000f4b00000, 0x0000000100000000)
  eden space 243712K, 83% used [0x00000000e0000000,0x00000000ec609ec0,0x00000000eee00000)
  from space 24576K, 98% used [0x00000000ef600000,0x00000000f0d91990,0x00000000f0e00000)
  to   space 47616K, 0% used [0x00000000f1c80000,0x00000000f1c80000,0x00000000f4b00000)
 ParOldGen       total 158720K, used 39552K [0x00000000a0000000, 0x00000000a9b00000, 0x00000000e0000000)
  object space 158720K, 24% used [0x00000000a0000000,0x00000000a26a0070,0x00000000a9b00000)
 Metaspace       used 90720K, capacity 96914K, committed 97240K, reserved 1134592K
  class space    used 11853K, capacity 12910K, committed 13016K, reserved 1048576K
GC Heap History (10 events):
Event: 3762.051 GC heap before
{Heap before GC invocations=16 (full 3):
 PSYoungGen      total 318976K, used 318740K [0x00000000e0000000, 0x00000000f6d00000, 0x0000000100000000)
  eden space 289792K, 100% used [0x00000000e0000000,0x00000000f1b00000,0x00000000f1b00000)
  from space 29184K, 99% used [0x00000000f5080000,0x00000000f6cc5240,0x00000000f6d00000)
  to   space 40448K, 0% used [0x00000000f1e00000,0x00000000f1e00000,0x00000000f4580000)
 ParOldGen       total 158720K, used 33605K [0x00000000a0000000, 0x00000000a9b00000, 0x00000000e0000000)
  object space 158720K, 21% used [0x00000000a0000000,0x00000000a20d14f0,0x00000000a9b00000)
 Metaspace       used 87495K, capacity 91232K, committed 91352K, reserved 1128448K
  class space    used 11446K, capacity 12195K, committed 12248K, reserved 1048576K
Event: 3762.112 GC heap after
Heap after GC invocations=16 (full 3):
 PSYoungGen      total 310784K, used 31017K [0x00000000e0000000, 0x00000000f6500000, 0x0000000100000000)
  eden space 279552K, 0% used [0x00000000e0000000,0x00000000e0000000,0x00000000f1100000)
  from space 31232K, 99% used [0x00000000f1e00000,0x00000000f3c4a550,0x00000000f3c80000)
  to   space 41472K, 0% used [0x00000000f3c80000,0x00000000f3c80000,0x00000000f6500000)
 ParOldGen       total 158720K, used 33621K [0x00000000a0000000, 0x00000000a9b00000, 0x00000000e0000000)
  object space 158720K, 21% used [0x00000000a0000000,0x00000000a20d54f0,0x00000000a9b00000)
 Metaspace       used 87495K, capacity 91232K, committed 91352K, reserved 1128448K
  class space    used 11446K, capacity 12195K, committed 12248K, reserved 1048576K
}
Event: 3899.129 GC heap before
{Heap before GC invocations=17 (full 3):
 PSYoungGen      total 310784K, used 310569K [0x00000000e0000000, 0x00000000f6500000, 0x0000000100000000)
  eden space 279552K, 100% used [0x00000000e0000000,0x00000000f1100000,0x00000000f1100000)
  from space 31232K, 99% used [0x00000000f1e00000,0x00000000f3c4a550,0x00000000f3c80000)
  to   space 41472K, 0% used [0x00000000f3c80000,0x00000000f3c80000,0x00000000f6500000)
 ParOldGen       total 158720K, used 33621K [0x00000000a0000000, 0x00000000a9b00000, 0x00000000e0000000)
  object space 158720K, 21% used [0x00000000a0000000,0x00000000a20d54f0,0x00000000a9b00000)
 Metaspace       used 88033K, capacity 92036K, committed 92248K, reserved 1128448K
  class space    used 11483K, capacity 12263K, committed 12376K, reserved 1048576K
Event: 3899.176 GC heap after
Heap after GC invocations=17 (full 3):
 PSYoungGen      total 302592K, used 26288K [0x00000000e0000000, 0x00000000f5c80000, 0x0000000100000000)
  eden space 269824K, 0% used [0x00000000e0000000,0x00000000e0000000,0x00000000f0780000)
  from space 32768K, 80% used [0x00000000f3c80000,0x00000000f562c330,0x00000000f5c80000)
  to   space 43520K, 0% used [0x00000000f0780000,0x00000000f0780000,0x00000000f3200000)
 ParOldGen       total 158720K, used 33629K [0x00000000a0000000, 0x00000000a9b00000, 0x00000000e0000000)
  object space 158720K, 21% used [0x00000000a0000000,0x00000000a20d74f0,0x00000000a9b00000)
 Metaspace       used 88033K, capacity 92036K, committed 92248K, reserved 1128448K
  class space    used 11483K, capacity 12263K, committed 12376K, reserved 1048576K
}
Event: 3949.665 GC heap before
{Heap before GC invocations=18 (full 3):
 PSYoungGen      total 302592K, used 296112K [0x00000000e0000000, 0x00000000f5c80000, 0x0000000100000000)
  eden space 269824K, 100% used [0x00000000e0000000,0x00000000f0780000,0x00000000f0780000)
  from space 32768K, 80% used [0x00000000f3c80000,0x00000000f562c330,0x00000000f5c80000)
  to   space 43520K, 0% used [0x00000000f0780000,0x00000000f0780000,0x00000000f3200000)
 ParOldGen       total 158720K, used 33629K [0x00000000a0000000, 0x00000000a9b00000, 0x00000000e0000000)
  object space 158720K, 21% used [0x00000000a0000000,0x00000000a20d74f0,0x00000000a9b00000)
 Metaspace       used 88931K, capacity 93754K, committed 93912K, reserved 1130496K
  class space    used 11610K, capacity 12496K, committed 12504K, reserved 1048576K
Event: 3949.736 GC heap after
Heap after GC invocations=18 (full 3):
 PSYoungGen      total 282624K, used 21896K [0x00000000e0000000, 0x00000000f5080000, 0x0000000100000000)
  eden space 260608K, 0% used [0x00000000e0000000,0x00000000e0000000,0x00000000efe80000)
  from space 22016K, 99% used [0x00000000f0780000,0x00000000f1ce20a0,0x00000000f1d00000)
  to   space 41984K, 0% used [0x00000000f2780000,0x00000000f2780000,0x00000000f5080000)
 ParOldGen       total 158720K, used 33637K [0x00000000a0000000, 0x00000000a9b00000, 0x00000000e0000000)
  object space 158720K, 21% used [0x00000000a0000000,0x00000000a20d94f0,0x00000000a9b00000)
 Metaspace       used 88931K, capacity 93754K, committed 93912K, reserved 1130496K
  class space    used 11610K, capacity 12496K, committed 12504K, reserved 1048576K
}
Event: 5093.855 GC heap before
{Heap before GC invocations=19 (full 3):
 PSYoungGen      total 282624K, used 282504K [0x00000000e0000000, 0x00000000f5080000, 0x0000000100000000)
  eden space 260608K, 100% used [0x00000000e0000000,0x00000000efe80000,0x00000000efe80000)
  from space 22016K, 99% used [0x00000000f0780000,0x00000000f1ce20a0,0x00000000f1d00000)
  to   space 41984K, 0% used [0x00000000f2780000,0x00000000f2780000,0x00000000f5080000)
 ParOldGen       total 158720K, used 33637K [0x00000000a0000000, 0x00000000a9b00000, 0x00000000e0000000)
  object space 158720K, 21% used [0x00000000a0000000,0x00000000a20d94f0,0x00000000a9b00000)
 Metaspace       used 89249K, capacity 94046K, committed 94168K, reserved 1130496K
  class space    used 11613K, capacity 12496K, committed 12504K, reserved 1048576K
Event: 5094.824 GC heap after
Heap after GC invocations=19 (full 3):
 PSYoungGen      total 293888K, used 41981K [0x00000000e0000000, 0x00000000f5700000, 0x0000000100000000)
  eden space 251904K, 0% used [0x00000000e0000000,0x00000000e0000000,0x00000000ef600000)
  from space 41984K, 99% used [0x00000000f2780000,0x00000000f507f7a0,0x00000000f5080000)
  to   space 49664K, 0% used [0x00000000ef600000,0x00000000ef600000,0x00000000f2680000)
 ParOldGen       total 158720K, used 39544K [0x00000000a0000000, 0x00000000a9b00000, 0x00000000e0000000)
  object space 158720K, 24% used [0x00000000a0000000,0x00000000a269e070,0x00000000a9b00000)
 Metaspace       used 89249K, capacity 94046K, committed 94168K, reserved 1130496K
  class space    used 11613K, capacity 12496K, committed 12504K, reserved 1048576K
}
Event: 5806.547 GC heap before
{Heap before GC invocations=20 (full 3):
 PSYoungGen      total 293888K, used 293885K [0x00000000e0000000, 0x00000000f5700000, 0x0000000100000000)
  eden space 251904K, 100% used [0x00000000e0000000,0x00000000ef600000,0x00000000ef600000)
  from space 41984K, 99% used [0x00000000f2780000,0x00000000f507f7a0,0x00000000f5080000)
  to   space 49664K, 0% used [0x00000000ef600000,0x00000000ef600000,0x00000000f2680000)
 ParOldGen       total 158720K, used 39544K [0x00000000a0000000, 0x00000000a9b00000, 0x00000000e0000000)
  object space 158720K, 24% used [0x00000000a0000000,0x00000000a269e070,0x00000000a9b00000)
 Metaspace       used 89483K, capacity 94256K, committed 94424K, reserved 1130496K
  class space    used 11616K, capacity 12499K, committed 12504K, reserved 1048576K
Event: 5806.703 GC heap after
Heap after GC invocations=20 (full 3):
 PSYoungGen      total 268288K, used 24134K [0x00000000e0000000, 0x00000000f4b00000, 0x0000000100000000)
  eden space 243712K, 0% used [0x00000000e0000000,0x00000000e0000000,0x00000000eee00000)
  from space 24576K, 98% used [0x00000000ef600000,0x00000000f0d91990,0x00000000f0e00000)
  to   space 47616K, 0% used [0x00000000f1c80000,0x00000000f1c80000,0x00000000f4b00000)
 ParOldGen       total 158720K, used 39552K [0x00000000a0000000, 0x00000000a9b00000, 0x00000000e0000000)
  object space 158720K, 24% used [0x00000000a0000000,0x00000000a26a0070,0x00000000a9b00000)
 Metaspace       used 89483K, capacity 94256K, committed 94424K, reserved 1130496K
  class space    used 11616K, capacity 12499K, committed 12504K, reserved 1048576K
}

